This is pdfTeX, Version 3.14159265-2.6-1.40.18 (TeX Live 2017) (preloaded format=pdflatex 2017.8.4)  20 OCT 2017 17:19
entering extended mode
 restricted \write18 enabled.
 %&-line parsing enabled.
**egpaper_final.tex
(./egpaper_final.tex
LaTeX2e <2017-04-15>
Babel <3.12> and hyphenation patterns for 84 language(s) loaded.
(/usr/local/texlive/2017/texmf-dist/tex/latex/base/article.cls
Document Class: article 2014/09/29 v1.4h Standard LaTeX document class
(/usr/local/texlive/2017/texmf-dist/tex/latex/base/size10.clo
File: size10.clo 2014/09/29 v1.4h Standard LaTeX file (size option)
)
\c@part=\count79
\c@section=\count80
\c@subsection=\count81
\c@subsubsection=\count82
\c@paragraph=\count83
\c@subparagraph=\count84
\c@figure=\count85
\c@table=\count86
\abovecaptionskip=\skip41
\belowcaptionskip=\skip42
\bibindent=\dimen102
) (./cvpr.sty
(./eso-pic.sty
Package: eso-pic 2002/11/16 v1.1b eso-pic (RN)
 (./cvpr_eso.sty

LaTeX Warning: You have requested package `eso-pic',
               but the package provides `everyshi'.

Package: everyshi 2001/05/15 v3.00 EveryShipout Package (MS)
) (/usr/local/texlive/2017/texmf-dist/tex/latex/graphics/keyval.sty
Package: keyval 2014/10/28 v1.15 key=value parser (DPC)
\KV@toks@=\toks14
))
(/usr/local/texlive/2017/texmf-dist/tex/latex/tools/xspace.sty
Package: xspace 2014/10/28 v1.13 Space after command names (DPC,MH)
)
CVPR 8.5 x 11-Inch Proceedings Style `cvpr.sty'.
\@ctmp=\skip43
\@figindent=\skip44
\cvprrulerbox=\box26
\cvprrulercount=\count87
\cvprruleroffset=\dimen103
\cv@lineheight=\dimen104
\cv@boxheight=\dimen105
\cv@tmpbox=\box27
\cv@refno=\count88
\cv@tot=\count89
\cv@tmpc@=\count90
\cv@tmpc=\count91
) (/usr/local/texlive/2017/texmf-dist/tex/latex/psnfss/times.sty
Package: times 2005/04/12 PSNFSS-v9.2a (SPQR) 
)
(/usr/local/texlive/2017/texmf-dist/tex/latex/graphics/epsfig.sty
Package: epsfig 2017/06/25 v1.7b (e)psfig emulation (SPQR)

(/usr/local/texlive/2017/texmf-dist/tex/latex/graphics/graphicx.sty
Package: graphicx 2017/06/01 v1.1a Enhanced LaTeX Graphics (DPC,SPQR)

(/usr/local/texlive/2017/texmf-dist/tex/latex/graphics/graphics.sty
Package: graphics 2017/06/25 v1.2c Standard LaTeX Graphics (DPC,SPQR)

(/usr/local/texlive/2017/texmf-dist/tex/latex/graphics/trig.sty
Package: trig 2016/01/03 v1.10 sin cos tan (DPC)
)
(/usr/local/texlive/2017/texmf-dist/tex/latex/graphics-cfg/graphics.cfg
File: graphics.cfg 2016/06/04 v1.11 sample graphics configuration
)
Package graphics Info: Driver file: pdftex.def on input line 99.

(/usr/local/texlive/2017/texmf-dist/tex/latex/graphics-def/pdftex.def
File: pdftex.def 2017/06/24 v1.0g Graphics/color driver for pdftex
))
\Gin@req@height=\dimen106
\Gin@req@width=\dimen107
)
\epsfxsize=\dimen108
\epsfysize=\dimen109
)
(/usr/local/texlive/2017/texmf-dist/tex/latex/amsmath/amsmath.sty
Package: amsmath 2016/11/05 v2.16a AMS math features
\@mathmargin=\skip45

For additional information on amsmath, use the `?' option.
(/usr/local/texlive/2017/texmf-dist/tex/latex/amsmath/amstext.sty
Package: amstext 2000/06/29 v2.01 AMS text

(/usr/local/texlive/2017/texmf-dist/tex/latex/amsmath/amsgen.sty
File: amsgen.sty 1999/11/30 v2.0 generic functions
\@emptytoks=\toks15
\ex@=\dimen110
))
(/usr/local/texlive/2017/texmf-dist/tex/latex/amsmath/amsbsy.sty
Package: amsbsy 1999/11/29 v1.2d Bold Symbols
\pmbraise@=\dimen111
)
(/usr/local/texlive/2017/texmf-dist/tex/latex/amsmath/amsopn.sty
Package: amsopn 2016/03/08 v2.02 operator names
)
\inf@bad=\count92
LaTeX Info: Redefining \frac on input line 213.
\uproot@=\count93
\leftroot@=\count94
LaTeX Info: Redefining \overline on input line 375.
\classnum@=\count95
\DOTSCASE@=\count96
LaTeX Info: Redefining \ldots on input line 472.
LaTeX Info: Redefining \dots on input line 475.
LaTeX Info: Redefining \cdots on input line 596.
\Mathstrutbox@=\box28
\strutbox@=\box29
\big@size=\dimen112
LaTeX Font Info:    Redeclaring font encoding OML on input line 712.
LaTeX Font Info:    Redeclaring font encoding OMS on input line 713.
\macc@depth=\count97
\c@MaxMatrixCols=\count98
\dotsspace@=\muskip10
\c@parentequation=\count99
\dspbrk@lvl=\count100
\tag@help=\toks16
\row@=\count101
\column@=\count102
\maxfields@=\count103
\andhelp@=\toks17
\eqnshift@=\dimen113
\alignsep@=\dimen114
\tagshift@=\dimen115
\tagwidth@=\dimen116
\totwidth@=\dimen117
\lineht@=\dimen118
\@envbody=\toks18
\multlinegap=\skip46
\multlinetaggap=\skip47
\mathdisplay@stack=\toks19
LaTeX Info: Redefining \[ on input line 2817.
LaTeX Info: Redefining \] on input line 2818.
)
(/usr/local/texlive/2017/texmf-dist/tex/latex/amsfonts/amssymb.sty
Package: amssymb 2013/01/14 v3.01 AMS font symbols

(/usr/local/texlive/2017/texmf-dist/tex/latex/amsfonts/amsfonts.sty
Package: amsfonts 2013/01/14 v3.01 Basic AMSFonts support
\symAMSa=\mathgroup4
\symAMSb=\mathgroup5
LaTeX Font Info:    Overwriting math alphabet `\mathfrak' in version `bold'
(Font)                  U/euf/m/n --> U/euf/b/n on input line 106.
))
(/usr/local/texlive/2017/texmf-dist/tex/latex/import/import.sty
Package: import 2009/03/23  v 5.1
)
(/usr/local/texlive/2017/texmf-dist/tex/latex/caption/subcaption.sty
Package: subcaption 2016/05/22 v1.1-161 Sub-captions (AR)

(/usr/local/texlive/2017/texmf-dist/tex/latex/caption/caption.sty
Package: caption 2016/02/21 v3.3-144 Customizing captions (AR)

(/usr/local/texlive/2017/texmf-dist/tex/latex/caption/caption3.sty
Package: caption3 2016/05/22 v1.7-166 caption3 kernel (AR)
Package caption3 Info: TeX engine: e-TeX on input line 67.
\captionmargin=\dimen119
\captionmargin@=\dimen120
\captionwidth=\dimen121
\caption@tempdima=\dimen122
\caption@indent=\dimen123
\caption@parindent=\dimen124
\caption@hangindent=\dimen125
Package caption Info: Unknown document class (or package),
(caption)             standard defaults will be used.
)

Package caption Warning: Unsupported document class (or package) detected,
(caption)                usage of the caption package is not recommended.
See the caption package documentation for explanation.

Package caption Info: \@makecaption = \long macro:#1#2-> \setbox \@tempboxa \hb
ox {\small \noindent #1.~#2} \setlength {\@ctmp }{\hsize } \addtolength {\@ctmp
 }{-\@figindent }\addtolength {\@ctmp }{-\@figindent } \ifdim \wd \@tempboxa >\
@ctmp {\small #1.~#2\par } \else \hbox to\hsize {\hfil \box \@tempboxa \hfil } 
\fi .
\c@ContinuedFloat=\count104
)
\c@subfigure=\count105
\c@subtable=\count106
) (/usr/local/texlive/2017/texmf-dist/tex/latex/tools/bm.sty
Package: bm 2017/01/16 v1.2c Bold Symbol Support (DPC/FMi)
\symboldoperators=\mathgroup6
\symboldletters=\mathgroup7
\symboldsymbols=\mathgroup8
LaTeX Font Info:    Redeclaring math alphabet \mathbf on input line 141.
LaTeX Info: Redefining \bm on input line 207.
)
(/usr/local/texlive/2017/texmf-dist/tex/latex/hyperref/hyperref.sty
Package: hyperref 2017/03/14 v6.85a Hypertext links for LaTeX

(/usr/local/texlive/2017/texmf-dist/tex/generic/oberdiek/hobsub-hyperref.sty
Package: hobsub-hyperref 2016/05/16 v1.14 Bundle oberdiek, subset hyperref (HO)


(/usr/local/texlive/2017/texmf-dist/tex/generic/oberdiek/hobsub-generic.sty
Package: hobsub-generic 2016/05/16 v1.14 Bundle oberdiek, subset generic (HO)
Package: hobsub 2016/05/16 v1.14 Construct package bundles (HO)
Package: infwarerr 2016/05/16 v1.4 Providing info/warning/error messages (HO)
Package: ltxcmds 2016/05/16 v1.23 LaTeX kernel commands for general use (HO)
Package: ifluatex 2016/05/16 v1.4 Provides the ifluatex switch (HO)
Package ifluatex Info: LuaTeX not detected.
Package: ifvtex 2016/05/16 v1.6 Detect VTeX and its facilities (HO)
Package ifvtex Info: VTeX not detected.
Package: intcalc 2016/05/16 v1.2 Expandable calculations with integers (HO)
Package: ifpdf 2017/03/15 v3.2 Provides the ifpdf switch
Package: etexcmds 2016/05/16 v1.6 Avoid name clashes with e-TeX commands (HO)
Package etexcmds Info: Could not find \expanded.
(etexcmds)             That can mean that you are not using pdfTeX 1.50 or
(etexcmds)             that some package has redefined \expanded.
(etexcmds)             In the latter case, load this package earlier.
Package: kvsetkeys 2016/05/16 v1.17 Key value parser (HO)
Package: kvdefinekeys 2016/05/16 v1.4 Define keys (HO)
Package: pdftexcmds 2017/03/19 v0.25 Utility functions of pdfTeX for LuaTeX (HO
)
Package pdftexcmds Info: LuaTeX not detected.
Package pdftexcmds Info: \pdf@primitive is available.
Package pdftexcmds Info: \pdf@ifprimitive is available.
Package pdftexcmds Info: \pdfdraftmode found.
Package: pdfescape 2016/05/16 v1.14 Implements pdfTeX's escape features (HO)
Package: bigintcalc 2016/05/16 v1.4 Expandable calculations on big integers (HO
)
Package: bitset 2016/05/16 v1.2 Handle bit-vector datatype (HO)
Package: uniquecounter 2016/05/16 v1.3 Provide unlimited unique counter (HO)
)
Package hobsub Info: Skipping package `hobsub' (already loaded).
Package: letltxmacro 2016/05/16 v1.5 Let assignment for LaTeX macros (HO)
Package: hopatch 2016/05/16 v1.3 Wrapper for package hooks (HO)
Package: xcolor-patch 2016/05/16 xcolor patch
Package: atveryend 2016/05/16 v1.9 Hooks at the very end of document (HO)
Package atveryend Info: \enddocument detected (standard20110627).
Package: atbegshi 2016/06/09 v1.18 At begin shipout hook (HO)
Package: refcount 2016/05/16 v3.5 Data extraction from label references (HO)
Package: hycolor 2016/05/16 v1.8 Color options for hyperref/bookmark (HO)
)
(/usr/local/texlive/2017/texmf-dist/tex/generic/ifxetex/ifxetex.sty
Package: ifxetex 2010/09/12 v0.6 Provides ifxetex conditional
)
(/usr/local/texlive/2017/texmf-dist/tex/latex/oberdiek/auxhook.sty
Package: auxhook 2016/05/16 v1.4 Hooks for auxiliary files (HO)
)
(/usr/local/texlive/2017/texmf-dist/tex/latex/oberdiek/kvoptions.sty
Package: kvoptions 2016/05/16 v3.12 Key value format for package options (HO)
)
\@linkdim=\dimen126
\Hy@linkcounter=\count107
\Hy@pagecounter=\count108

(/usr/local/texlive/2017/texmf-dist/tex/latex/hyperref/pd1enc.def
File: pd1enc.def 2017/03/14 v6.85a Hyperref: PDFDocEncoding definition (HO)
)
\Hy@SavedSpaceFactor=\count109

(/usr/local/texlive/2017/texmf-dist/tex/latex/latexconfig/hyperref.cfg
File: hyperref.cfg 2002/06/06 v1.2 hyperref configuration of TeXLive
)
Package hyperref Info: Option `breaklinks' set `true' on input line 4374.
Package hyperref Info: Option `bookmarks' set `false' on input line 4374.
Package hyperref Info: Hyper figures OFF on input line 4498.
Package hyperref Info: Link nesting OFF on input line 4503.
Package hyperref Info: Hyper index ON on input line 4506.
Package hyperref Info: Plain pages OFF on input line 4513.
Package hyperref Info: Backreferencing OFF on input line 4518.
Package hyperref Info: Implicit mode ON; LaTeX internals redefined.
Package hyperref Info: Bookmarks OFF on input line 4757.
\c@Hy@tempcnt=\count110

(/usr/local/texlive/2017/texmf-dist/tex/latex/url/url.sty
\Urlmuskip=\muskip11
Package: url 2013/09/16  ver 3.4  Verb mode for urls, etc.
)
LaTeX Info: Redefining \url on input line 5104.
\XeTeXLinkMargin=\dimen127
\Fld@menulength=\count111
\Field@Width=\dimen128
\Fld@charsize=\dimen129
Package hyperref Info: Hyper figures OFF on input line 6358.
Package hyperref Info: Link nesting OFF on input line 6363.
Package hyperref Info: Hyper index ON on input line 6366.
Package hyperref Info: backreferencing OFF on input line 6373.
Package hyperref Info: Link coloring OFF on input line 6378.
Package hyperref Info: Link coloring with OCG OFF on input line 6383.
Package hyperref Info: PDF/A mode OFF on input line 6388.
LaTeX Info: Redefining \ref on input line 6428.
LaTeX Info: Redefining \pageref on input line 6432.
\Hy@abspage=\count112
\c@Item=\count113
\c@Hfootnote=\count114
)

Package hyperref Message: Driver (autodetected): hpdftex.

(/usr/local/texlive/2017/texmf-dist/tex/latex/hyperref/hpdftex.def
File: hpdftex.def 2017/03/14 v6.85a Hyperref driver for pdfTeX
\Fld@listcount=\count115
\c@bookmark@seq@number=\count116

(/usr/local/texlive/2017/texmf-dist/tex/latex/oberdiek/rerunfilecheck.sty
Package: rerunfilecheck 2016/05/16 v1.8 Rerun checks for auxiliary files (HO)
Package uniquecounter Info: New unique counter `rerunfilecheck' on input line 2
82.
)
\Hy@SectionHShift=\skip48
)
(./egpaper_final.aux)
\openout1 = `egpaper_final.aux'.

LaTeX Font Info:    Checking defaults for OML/cmm/m/it on input line 33.
LaTeX Font Info:    ... okay on input line 33.
LaTeX Font Info:    Checking defaults for T1/cmr/m/n on input line 33.
LaTeX Font Info:    ... okay on input line 33.
LaTeX Font Info:    Checking defaults for OT1/cmr/m/n on input line 33.
LaTeX Font Info:    ... okay on input line 33.
LaTeX Font Info:    Checking defaults for OMS/cmsy/m/n on input line 33.
LaTeX Font Info:    ... okay on input line 33.
LaTeX Font Info:    Checking defaults for OMX/cmex/m/n on input line 33.
LaTeX Font Info:    ... okay on input line 33.
LaTeX Font Info:    Checking defaults for U/cmr/m/n on input line 33.
LaTeX Font Info:    ... okay on input line 33.
LaTeX Font Info:    Checking defaults for PD1/pdf/m/n on input line 33.
LaTeX Font Info:    ... okay on input line 33.
LaTeX Font Info:    Try loading font information for OT1+ptm on input line 33.

(/usr/local/texlive/2017/texmf-dist/tex/latex/psnfss/ot1ptm.fd
File: ot1ptm.fd 2001/06/04 font definitions for OT1/ptm.
)
ABD: EveryShipout initializing macros
(/usr/local/texlive/2017/texmf-dist/tex/latex/graphics/color.sty
Package: color 2016/07/10 v1.1e Standard LaTeX Color (DPC)

(/usr/local/texlive/2017/texmf-dist/tex/latex/graphics-cfg/color.cfg
File: color.cfg 2016/01/02 v1.6 sample color configuration
)
Package color Info: Driver file: pdftex.def on input line 147.
)
(/usr/local/texlive/2017/texmf-dist/tex/context/base/mkii/supp-pdf.mkii
[Loading MPS to PDF converter (version 2006.09.02).]
\scratchcounter=\count117
\scratchdimen=\dimen130
\scratchbox=\box30
\nofMPsegments=\count118
\nofMParguments=\count119
\everyMPshowfont=\toks20
\MPscratchCnt=\count120
\MPscratchDim=\dimen131
\MPnumerator=\count121
\makeMPintoPDFobject=\count122
\everyMPtoPDFconversion=\toks21
) (/usr/local/texlive/2017/texmf-dist/tex/latex/oberdiek/epstopdf-base.sty
Package: epstopdf-base 2016/05/15 v2.6 Base part for package epstopdf

(/usr/local/texlive/2017/texmf-dist/tex/latex/oberdiek/grfext.sty
Package: grfext 2016/05/16 v1.2 Manage graphics extensions (HO)
)
Package epstopdf-base Info: Redefining graphics rule for `.eps' on input line 4
38.
Package grfext Info: Graphics extension search list:
(grfext)             [.pdf,.png,.jpg,.mps,.jpeg,.jbig2,.jb2,.PDF,.PNG,.JPG,.JPE
G,.JBIG2,.JB2,.eps]
(grfext)             \AppendGraphicsExtensions on input line 456.

(/usr/local/texlive/2017/texmf-dist/tex/latex/latexconfig/epstopdf-sys.cfg
File: epstopdf-sys.cfg 2010/07/13 v1.3 Configuration of (r)epstopdf for TeX Liv
e
))
Package caption Info: Begin \AtBeginDocument code.
Package caption Info: hyperref package is loaded.
Package caption Info: End \AtBeginDocument code.
\AtBeginShipoutBox=\box31
Package atbegshi Info: Package `everyshi' patched.
Package hyperref Info: Link coloring OFF on input line 33.

(/usr/local/texlive/2017/texmf-dist/tex/latex/hyperref/nameref.sty
Package: nameref 2016/05/21 v2.44 Cross-referencing by name of section

(/usr/local/texlive/2017/texmf-dist/tex/generic/oberdiek/gettitlestring.sty
Package: gettitlestring 2016/05/16 v1.5 Cleanup title references (HO)
)
\c@section@level=\count123
)
LaTeX Info: Redefining \ref on input line 33.
LaTeX Info: Redefining \pageref on input line 33.
LaTeX Info: Redefining \nameref on input line 33.
LaTeX Font Info:    Font shape `OT1/ptm/bx/n' in size <14.4> not available
(Font)              Font shape `OT1/ptm/b/n' tried instead on input line 69.
LaTeX Font Info:    Try loading font information for U+msa on input line 69.

(/usr/local/texlive/2017/texmf-dist/tex/latex/amsfonts/umsa.fd
File: umsa.fd 2013/01/14 v3.01 AMS symbols A
)
LaTeX Font Info:    Try loading font information for U+msb on input line 69.

(/usr/local/texlive/2017/texmf-dist/tex/latex/amsfonts/umsb.fd
File: umsb.fd 2013/01/14 v3.01 AMS symbols B
)
LaTeX Font Info:    Try loading font information for OT1+pcr on input line 69.

(/usr/local/texlive/2017/texmf-dist/tex/latex/psnfss/ot1pcr.fd
File: ot1pcr.fd 2001/06/04 font definitions for OT1/pcr.
)
LaTeX Font Info:    Font shape `OT1/ptm/bx/n' in size <12> not available
(Font)              Font shape `OT1/ptm/b/n' tried instead on input line 71.

Underfull \hbox (badness 1655) in paragraph at lines 124--131
\OT1/ptm/m/n/10 look-ing at sim-pler prob-lems, such as ob-ject recog-ni-
 []


Underfull \vbox (badness 10000) has occurred while \output is active []

 [4321{/usr/local/texlive/2017/texmf-var/fonts/map/pdftex/updmap/pdftex.map}


]
<figures/occlusion_example/occlusion_example.pdf, id=21, pagebox=cropbox, 796.8
9105pt x 590.21407pt>
File: figures/occlusion_example/occlusion_example.pdf Graphic file (type pdf)
<use figures/occlusion_example/occlusion_example.pdf>
Package pdftex.def Info: figures/occlusion_example/occlusion_example.pdf  used 
on input line 141. on input line 141.
Package pdftex.def Info: Requested size: 237.13594pt x 175.63364pt on input lin
e 141.
LaTeX Font Info:    Try loading font information for OMS+ptm on input line 177.


(/usr/local/texlive/2017/texmf-dist/tex/latex/psnfss/omsptm.fd
File: omsptm.fd 
)
LaTeX Font Info:    Font shape `OMS/ptm/m/n' in size <10> not available
(Font)              Font shape `OMS/cmsy/m/n' tried instead on input line 177.
LaTeX Font Info:    Font shape `OT1/ptm/bx/n' in size <10> not available
(Font)              Font shape `OT1/ptm/b/n' tried instead on input line 189.
 [4322 <./figures/occlusion_example/occlusion_example.pdf>]
<figures/baseline_foreshadowing/baseline_foreshadowing.pdf, id=72, pagebox=crop
box, 2944.15387pt x 643.43591pt>
File: figures/baseline_foreshadowing/baseline_foreshadowing.pdf Graphic file (t
ype pdf)
<use figures/baseline_foreshadowing/baseline_foreshadowing.pdf>
Package pdftex.def Info: figures/baseline_foreshadowing/baseline_foreshadowing.
pdf  used on input line 239. on input line 239.
Package pdftex.def Info: Requested size: 237.13594pt x 51.81955pt on input line
 239.
<figures/context_example/context_example.pdf, id=76, pagebox=cropbox, 871.07347
pt x 354.10912pt>
File: figures/context_example/context_example.pdf Graphic file (type pdf)
<use figures/context_example/context_example.pdf>
Package pdftex.def Info: figures/context_example/context_example.pdf  used on i
nput line 272. on input line 272.
Package pdftex.def Info: Requested size: 237.13594pt x 96.39961pt on input line
 272.
 [4323 <./figures/baseline_foreshadowing/baseline_foreshadowing.pdf> <./figures
/context_example/context_example.pdf

pdfTeX warning: pdflatex (file ./figures/context_example/context_example.pdf): 
PDF inclusion: multiple pdfs with page group included in a single page
>]
<figures/pipeline/pipeline.pdf, id=145, pagebox=cropbox, 2712.02664pt x 2072.07
646pt>
File: figures/pipeline/pipeline.pdf Graphic file (type pdf)
<use figures/pipeline/pipeline.pdf>
Package pdftex.def Info: figures/pipeline/pipeline.pdf  used on input line 306.
 on input line 306.
Package pdftex.def Info: Requested size: 237.13594pt x 181.16713pt on input lin
e 306.
<figures/expected_output/expected_output.pdf, id=148, pagebox=cropbox, 1206.037
23pt x 364.50688pt>
File: figures/expected_output/expected_output.pdf Graphic file (type pdf)
<use figures/expected_output/expected_output.pdf>
Package pdftex.def Info: figures/expected_output/expected_output.pdf  used on i
nput line 318. on input line 318.
Package pdftex.def Info: Requested size: 237.13594pt x 71.6709pt on input line 
318.
<figures/camera_estimation/camera_estimation.pdf, id=158, pagebox=cropbox, 998.
9687pt x 321.57181pt>
File: figures/camera_estimation/camera_estimation.pdf Graphic file (type pdf)
<use figures/camera_estimation/camera_estimation.pdf>
Package pdftex.def Info: figures/camera_estimation/camera_estimation.pdf  used 
on input line 368. on input line 368.
Package pdftex.def Info: Requested size: 237.13594pt x 76.33484pt on input line
 368.
 [4324 <./figures/pipeline/pipeline.pdf> <./figures/expected_output/expected_ou
tput.pdf

pdfTeX warning: pdflatex (file ./figures/expected_output/expected_output.pdf): 
PDF inclusion: multiple pdfs with page group included in a single page
> <./figures/camera_estimation/camera_estimation.pdf

pdfTeX warning: pdflatex (file ./figures/camera_estimation/camera_estimation.pd
f): PDF inclusion: multiple pdfs with page group included in a single page
>]
<figures/keypoint_types/keypoint_types.pdf, id=653, pagebox=cropbox, 3167.835pt
 x 1177.43564pt>
File: figures/keypoint_types/keypoint_types.pdf Graphic file (type pdf)
<use figures/keypoint_types/keypoint_types.pdf>
Package pdftex.def Info: figures/keypoint_types/keypoint_types.pdf  used on inp
ut line 396. on input line 396.
Package pdftex.def Info: Requested size: 237.13594pt x 88.12419pt on input line
 396.
<figures/gaussian_lobes/gaussian_lobes.pdf, id=655, pagebox=cropbox, 2312.50693
pt x 964.98352pt>
File: figures/gaussian_lobes/gaussian_lobes.pdf Graphic file (type pdf)
<use figures/gaussian_lobes/gaussian_lobes.pdf>
Package pdftex.def Info: figures/gaussian_lobes/gaussian_lobes.pdf  used on inp
ut line 426. on input line 426.
Package pdftex.def Info: Requested size: 237.13594pt x 98.94826pt on input line
 426.

Underfull \hbox (badness 6078) in paragraph at lines 465--469
[]\OT1/ptm/m/n/10 We em-ployed the Ten-sor-Flow im-ple-men-ta-tion of
 []

[4325 <./figures/keypoint_types/keypoint_types.pdf> <./figures/gaussian_lobes/g
aussian_lobes.pdf

pdfTeX warning: pdflatex (file ./figures/gaussian_lobes/gaussian_lobes.pdf): PD
F inclusion: multiple pdfs with page group included in a single page
>]
<figures/keypoint_map_to_keypoints/keypoint_map_to_keypoints.pdf, id=704, pageb
ox=cropbox, 1762.49164pt x 447.87238pt>
File: figures/keypoint_map_to_keypoints/keypoint_map_to_keypoints.pdf Graphic f
ile (type pdf)
<use figures/keypoint_map_to_keypoints/keypoint_map_to_keypoints.pdf>
Package pdftex.def Info: figures/keypoint_map_to_keypoints/keypoint_map_to_keyp
oints.pdf  used on input line 518. on input line 518.
Package pdftex.def Info: Requested size: 237.13594pt x 60.25514pt on input line
 518.
<figures/pca_dimensions/pca_dimensions.pdf, id=706, pagebox=cropbox, 2271.38112
pt x 1006.10138pt>
File: figures/pca_dimensions/pca_dimensions.pdf Graphic file (type pdf)
<use figures/pca_dimensions/pca_dimensions.pdf>
Package pdftex.def Info: figures/pca_dimensions/pca_dimensions.pdf  used on inp
ut line 546. on input line 546.
Package pdftex.def Info: Requested size: 237.13594pt x 105.03735pt on input lin
e 546.
 [4326 <./figures/keypoint_map_to_keypoints/keypoint_map_to_keypoints.pdf> <./f
igures/pca_dimensions/pca_dimensions.pdf

pdfTeX warning: pdflatex (file ./figures/pca_dimensions/pca_dimensions.pdf): PD
F inclusion: multiple pdfs with page group included in a single page
>] (./figures/notation/notation.pdf_tex
<figures/notation/notation.pdf, id=880, page=1, pagebox=cropbox, 378.5369pt x 1
85.49507pt>
File: figures/notation/notation.pdf Graphic file (type pdf)
<use figures/notation/notation.pdf, page 1>
Package pdftex.def Info: figures/notation/notation.pdf , page1 used on input li
ne 52. on input line 52.
Package pdftex.def Info: Requested size: 237.13594pt x 116.203pt on input line 
52.
)
Underfull \hbox (badness 7869) in paragraph at lines 656--660
[]\OT1/ptm/m/n/10 Fitting the GMM was done us-ing Expectation-
 []


Underfull \hbox (badness 1102) in paragraph at lines 656--660
\OT1/ptm/m/n/10 ex-actly, we reg-u-lar-ize the re-sult-ing mix-ture model by
 []

[4327 <./figures/notation/notation.pdf>]
(./figures/relative_transform/relative_transform.pdf_tex
<figures/relative_transform/relative_transform.pdf, id=1056, page=1, pagebox=cr
opbox, 561.13399pt x 298.31485pt>
File: figures/relative_transform/relative_transform.pdf Graphic file (type pdf)

<use figures/relative_transform/relative_transform.pdf, page 1>
Package pdftex.def Info: figures/relative_transform/relative_transform.pdf , pa
ge1 used on input line 52. on input line 52.
Package pdftex.def Info: Requested size: 237.13594pt x 126.06975pt on input lin
e 52.
<figures/relative_transform/relative_transform.pdf, id=1057, page=2, pagebox=cr
opbox, 561.13399pt x 298.31485pt>
File: figures/relative_transform/relative_transform.pdf Graphic file (type pdf)

<use figures/relative_transform/relative_transform.pdf, page 2>
Package pdftex.def Info: figures/relative_transform/relative_transform.pdf , pa
ge2 used on input line 54. on input line 54.
Package pdftex.def Info: Requested size: 237.13594pt x 126.06975pt on input lin
e 54.
<figures/relative_transform/relative_transform.pdf, id=1058, page=3, pagebox=cr
opbox, 561.13399pt x 298.31485pt>
File: figures/relative_transform/relative_transform.pdf Graphic file (type pdf)

<use figures/relative_transform/relative_transform.pdf, page 3>
Package pdftex.def Info: figures/relative_transform/relative_transform.pdf , pa
ge3 used on input line 56. on input line 56.
Package pdftex.def Info: Requested size: 237.13594pt x 126.06975pt on input lin
e 56.
)
<figures/mixture_components/mixture_components.pdf, id=1059, pagebox=cropbox, 3
080.03972pt x 1129.77307pt>
File: figures/mixture_components/mixture_components.pdf Graphic file (type pdf)

<use figures/mixture_components/mixture_components.pdf>
Package pdftex.def Info: figures/mixture_components/mixture_components.pdf  use
d on input line 669. on input line 669.
Package pdftex.def Info: Requested size: 237.13594pt x 86.97038pt on input line
 669.
<figures/graph_example/graph_example.pdf, id=1061, pagebox=cropbox, 287.09679pt
 x 226.97974pt>
File: figures/graph_example/graph_example.pdf Graphic file (type pdf)
<use figures/graph_example/graph_example.pdf>
Package pdftex.def Info: figures/graph_example/graph_example.pdf  used on input
 line 685. on input line 685.
Package pdftex.def Info: Requested size: 237.13594pt x 187.47876pt on input lin
e 685.
 [4328 <./figures/relative_transform/relative_transform.pdf> <./figures/relativ
e_transform/relative_transform.pdf

pdfTeX warning: pdflatex (file ./figures/relative_transform/relative_transform.
pdf): PDF inclusion: multiple pdfs with page group included in a single page
> <./figures/relative_transform/relative_transform.pdf

pdfTeX warning: pdflatex (file ./figures/relative_transform/relative_transform.
pdf): PDF inclusion: multiple pdfs with page group included in a single page
> <./figures/mixture_components/mixture_components.pdf

pdfTeX warning: pdflatex (file ./figures/mixture_components/mixture_components.
pdf): PDF inclusion: multiple pdfs with page group included in a single page
> <./figures/graph_example/graph_example.pdf

pdfTeX warning: pdflatex (file ./figures/graph_example/graph_example.pdf): PDF 
inclusion: multiple pdfs with page group included in a single page
>]
Overfull \hbox (11.23808pt too wide) detected at line 772
\OMS/cmsy/m/n/10 ^^@ []\OT1/cmr/m/n/10 (\OML/cmm/m/it/10 p[]\OT1/cmr/m/n/10 (\O
ML/cmm/b/it/10 ^^N\OT1/cmr/m/n/10 )) = [] [](\OML/cmm/b/it/10 ^^N \OMS/cmsy/m/n
/10 ^^@ \OML/cmm/b/it/10 ^^V[]\OT1/cmr/m/n/10 )[]\OT1/cmr/bx/n/10 ^^F[]\OT1/cmr
/m/n/10 (\OML/cmm/b/it/10 ^^N \OMS/cmsy/m/n/10 ^^@ \OML/cmm/b/it/10 ^^V[]\OT1/c
mr/m/n/10 ) \OMS/cmsy/m/n/10 ^^@ []\OT1/cmr/m/n/10 (\OML/cmm/m/it/10 w[]^^Q[]\O
T1/cmr/m/n/10 )\OML/cmm/m/it/10 ;
 []

<figures/max_mixture/max_mixture.pdf, id=1321, pagebox=cropbox, 2454.36945pt x 
1486.37094pt>
File: figures/max_mixture/max_mixture.pdf Graphic file (type pdf)
<use figures/max_mixture/max_mixture.pdf>
Package pdftex.def Info: figures/max_mixture/max_mixture.pdf  used on input lin
e 785. on input line 785.
Package pdftex.def Info: Requested size: 237.13594pt x 143.58812pt on input lin
e 785.
[4329 <./figures/max_mixture/max_mixture.pdf>]
<figures/houzz_example/houzz_example.pdf, id=1363, pagebox=cropbox, 2048.79723p
t x 534.79805pt>
File: figures/houzz_example/houzz_example.pdf Graphic file (type pdf)
<use figures/houzz_example/houzz_example.pdf>
Package pdftex.def Info: figures/houzz_example/houzz_example.pdf  used on input
 line 850. on input line 850.
Package pdftex.def Info: Requested size: 237.13594pt x 61.89626pt on input line
 850.
<figures/pbrs/pbrs.pdf, id=1367, pagebox=cropbox, 998.75998pt x 352.9185pt>
File: figures/pbrs/pbrs.pdf Graphic file (type pdf)
<use figures/pbrs/pbrs.pdf>
Package pdftex.def Info: figures/pbrs/pbrs.pdf  used on input line 883. on inpu
t line 883.
Package pdftex.def Info: Requested size: 237.13594pt x 83.79208pt on input line
 883.
 [4330 <./figures/houzz_example/houzz_example.pdf>]
<figures/amt/amt.pdf, id=1403, pagebox=cropbox, 1151.50195pt x 737.95695pt>
File: figures/amt/amt.pdf Graphic file (type pdf)
<use figures/amt/amt.pdf>
Package pdftex.def Info: figures/amt/amt.pdf  used on input line 906. on input 
line 906.
Package pdftex.def Info: Requested size: 237.13594pt x 151.96902pt on input lin
e 906.

Underfull \hbox (badness 1009) in paragraph at lines 911--916
 []\OT1/ptm/b/n/10 Final train-ing set[] \OT1/ptm/m/n/10 We ex-per-i-mented wit
h 3 dif-fer-ent
 []

<figures/groundtruth_annotation/groundtruth_annotation.png, id=1410, 1927.2pt x
 1204.5pt>
File: figures/groundtruth_annotation/groundtruth_annotation.png Graphic file (t
ype png)
<use figures/groundtruth_annotation/groundtruth_annotation.png>
Package pdftex.def Info: figures/groundtruth_annotation/groundtruth_annotation.
png  used on input line 958. on input line 958.
Package pdftex.def Info: Requested size: 237.13594pt x 148.2096pt on input line
 958.
[4331 <./figures/pbrs/pbrs.pdf> <./figures/amt/amt.pdf

pdfTeX warning: pdflatex (file ./figures/amt/amt.pdf): PDF inclusion: multiple 
pdfs with page group included in a single page
>]
<figures/iou/iou.pdf, id=1434, pagebox=cropbox, 637.23997pt x 330.4833pt>
File: figures/iou/iou.pdf Graphic file (type pdf)
<use figures/iou/iou.pdf>
Package pdftex.def Info: figures/iou/iou.pdf  used on input line 983. on input 
line 983.
Package pdftex.def Info: Requested size: 237.13594pt x 122.98288pt on input lin
e 983.

Overfull \hbox (7.53806pt too wide) detected at line 1017
 []$[]\OMS/cmsy/m/n/10 f\OML/cmm/m/it/10 o[] \OMS/cmsy/m/n/10 2 []\OT1/cmr/m/n/
10 (\OML/cmm/b/it/10 S\OML/cmm/m/it/10 ; \OML/cmm/b/it/10 T\OT1/cmr/m/n/10 ) \O
MS/cmsy/m/n/10 j \U/msa/m/n/10 \\OT1/cmr/m/n/10 (\OML/cmm/m/it/10 o[]; J[]\OT1/
cmr/m/n/10 (\OML/cmm/m/it/10 o[]; \OML/cmm/b/it/10 T\OT1/cmr/m/n/10 )) \OML/cmm
/m/it/10 < ^^\[]\OMS/cmsy/m/n/10 g\OML/cmm/m/it/10 :  $ 
 []


Overfull \hbox (3.55637pt too wide) detected at line 1028
[]\OT1/cmr/m/n/10 (\OML/cmm/b/it/10 S\OML/cmm/m/it/10 ; \OML/cmm/b/it/10 T\OT1/
cmr/m/n/10 ) = [] [] \OML/cmm/m/it/10 J[]\OT1/cmr/m/n/10 (\OML/cmm/m/it/10 o[];
 J[]\OT1/cmr/m/n/10 (\OML/cmm/m/it/10 o[]; \OML/cmm/b/it/10 T\OT1/cmr/m/n/10 ))

 []

[4332 <./figures/groundtruth_annotation/groundtruth_annotation.png> <./figures/
iou/iou.pdf>] (./figures/baseline_example/baseline_example.pdf_tex
<figures/baseline_example/baseline_example.pdf, id=1459, page=1, pagebox=cropbo
x, 1127.67943pt x 363.58197pt>
File: figures/baseline_example/baseline_example.pdf Graphic file (type pdf)
<use figures/baseline_example/baseline_example.pdf, page 1>
Package pdftex.def Info: figures/baseline_example/baseline_example.pdf , page1 
used on input line 52. on input line 52.
Package pdftex.def Info: Requested size: 237.13594pt x 76.45432pt on input line
 52.
)
Underfull \hbox (badness 1019) in paragraph at lines 1066--1076
\OT1/ptm/m/n/10 com-bi-na-tion of a con-vo-lu-tional neu-ral net-work (CNN)
 []

<figures/qualitative_results/qualitative_results.pdf, id=1473, pagebox=cropbox,
 4906.03299pt x 3045.26526pt>
File: figures/qualitative_results/qualitative_results.pdf Graphic file (type pd
f)
<use figures/qualitative_results/qualitative_results.pdf>
Package pdftex.def Info: figures/qualitative_results/qualitative_results.pdf  u
sed on input line 1083. on input line 1083.
Package pdftex.def Info: Requested size: 496.85625pt x 308.40112pt on input lin
e 1083.

LaTeX Warning: `!h' float specifier changed to `!ht'.


LaTeX Warning: Reference `app:ch4:full_results' on page 4333 undefined on input
 line 1118.

(./figures/performance_comparison/performance_perc_f1_angle_thresh.pdf_tex
<figures/performance_comparison/performance_perc_f1_angle_thresh.pdf, id=1492, 
page=1, pagebox=cropbox, 425.91748pt x 327.20883pt>
File: figures/performance_comparison/performance_perc_f1_angle_thresh.pdf Graph
ic file (type pdf)
<use figures/performance_comparison/performance_perc_f1_angle_thresh.pdf, page 
1>
Package pdftex.def Info: figures/performance_comparison/performance_perc_f1_ang
le_thresh.pdf , page1 used on input line 52. on input line 52.
Package pdftex.def Info: Requested size: 116.1979pt x 89.26624pt on input line 
52.
)
(./figures/performance_comparison/performance_perc_f1_iou_thresh.pdf_tex
<figures/performance_comparison/performance_perc_f1_iou_thresh.pdf, id=1493, pa
ge=1, pagebox=cropbox, 413.14476pt x 327.20883pt>
File: figures/performance_comparison/performance_perc_f1_iou_thresh.pdf Graphic
 file (type pdf)
<use figures/performance_comparison/performance_perc_f1_iou_thresh.pdf, page 1>

Package pdftex.def Info: figures/performance_comparison/performance_perc_f1_iou
_thresh.pdf , page1 used on input line 52. on input line 52.
Package pdftex.def Info: Requested size: 116.1979pt x 92.02725pt on input line 
52.
)

LaTeX Warning: `!h' float specifier changed to `!ht'.

[4333 <./figures/baseline_example/baseline_example.pdf>]
Underfull \vbox (badness 10000) has occurred while \output is active []

 [4334 <./figures/qualitative_results/qualitative_results.pdf>] (./egpaper_fina
l.bbl
Overfull \hbox (27.48387pt too wide) in paragraph at lines 8--11
\OT1/ptm/m/n/9 urlhttp://www-01.ibm.com/software/integration/optimization/cplex
-
 []


Underfull \hbox (badness 1168) in paragraph at lines 74--77
\OT1/ptm/m/n/9 assisted ob-ject re-trieval for real-time 3d re-con-struc-tion.
 []


Underfull \hbox (badness 2293) in paragraph at lines 109--113
[]\OT1/ptm/m/n/9 T. Shao, A. Mon-sz-part, Y. Zheng, B. Koo, W. Xu,
 []

[4335 <./figures/performance_comparison/performance_perc_f1_angle_thresh.pdf> <
./figures/performance_comparison/performance_perc_f1_iou_thresh.pdf

pdfTeX warning: pdflatex (file ./figures/performance_comparison/performance_per
c_f1_iou_thresh.pdf): PDF inclusion: multiple pdfs with page group included in 
a single page
>])
Package atveryend Info: Empty hook `BeforeClearDocument' on input line 1208.
 [4336

]
Package atveryend Info: Empty hook `AfterLastShipout' on input line 1208.
 (./egpaper_final.aux)
Package atveryend Info: Executing hook `AtVeryEndDocument' on input line 1208.
Package atveryend Info: Empty hook `AtEndAfterFileList' on input line 1208.


LaTeX Warning: There were undefined references.

Package atveryend Info: Empty hook `AtVeryVeryEnd' on input line 1208.
 ) 
Here is how much of TeX's memory you used:
 7820 strings out of 492990
 121835 string characters out of 6132622
 215135 words of memory out of 5000000
 11072 multiletter control sequences out of 15000+600000
 36244 words of font info for 92 fonts, out of 8000000 for 9000
 1141 hyphenation exceptions out of 8191
 42i,17n,43p,372b,516s stack positions out of 5000i,500n,10000p,200000b,80000s
{/usr/local/texlive/2017/texmf-dist/fonts/enc/dvips/base/8r.enc}</usr/local/t
exlive/2017/texmf-dist/fonts/type1/public/amsfonts/cm/cmbx10.pfb></usr/local/te
xlive/2017/texmf-dist/fonts/type1/public/amsfonts/cm/cmbx7.pfb></usr/local/texl
ive/2017/texmf-dist/fonts/type1/public/amsfonts/cm/cmex10.pfb></usr/local/texli
ve/2017/texmf-dist/fonts/type1/public/amsfonts/cm/cmmi10.pfb></usr/local/texliv
e/2017/texmf-dist/fonts/type1/public/amsfonts/cm/cmmi5.pfb></usr/local/texlive/
2017/texmf-dist/fonts/type1/public/amsfonts/cm/cmmi6.pfb></usr/local/texlive/20
17/texmf-dist/fonts/type1/public/amsfonts/cm/cmmi7.pfb></usr/local/texlive/2017
/texmf-dist/fonts/type1/public/amsfonts/cm/cmmi9.pfb></usr/local/texlive/2017/t
exmf-dist/fonts/type1/public/amsfonts/cm/cmmib10.pfb></usr/local/texlive/2017/t
exmf-dist/fonts/type1/public/amsfonts/cmextra/cmmib7.pfb></usr/local/texlive/20
17/texmf-dist/fonts/type1/public/amsfonts/cm/cmr10.pfb></usr/local/texlive/2017
/texmf-dist/fonts/type1/public/amsfonts/cm/cmr7.pfb></usr/local/texlive/2017/te
xmf-dist/fonts/type1/public/amsfonts/cm/cmsy10.pfb></usr/local/texlive/2017/tex
mf-dist/fonts/type1/public/amsfonts/cm/cmsy5.pfb></usr/local/texlive/2017/texmf
-dist/fonts/type1/public/amsfonts/cm/cmsy7.pfb></usr/local/texlive/2017/texmf-d
ist/fonts/type1/public/amsfonts/symbols/msam10.pfb></usr/local/texlive/2017/tex
mf-dist/fonts/type1/public/amsfonts/symbols/msbm10.pfb></usr/local/texlive/2017
/texmf-dist/fonts/type1/urw/courier/ucrr8a.pfb></usr/local/texlive/2017/texmf-d
ist/fonts/type1/urw/times/utmb8a.pfb></usr/local/texlive/2017/texmf-dist/fonts/
type1/urw/times/utmr8a.pfb></usr/local/texlive/2017/texmf-dist/fonts/type1/urw/
times/utmri8a.pfb>
Output written on egpaper_final.pdf (16 pages, 12782808 bytes).
PDF statistics:
 1848 PDF objects out of 2073 (max. 8388607)
 1185 compressed objects within 12 object streams
 119 named destinations out of 1000 (max. 500000)
 131 words of extra memory for PDF output out of 10000 (max. 10000000)

